0 info it worked if it ends with ok
1 verbose cli [ 'D:\\node.js\\node.exe',
1 verbose cli   'D:\\node.js\\node_modules\\npm\\bin\\npm-cli.js',
1 verbose cli   'run-script',
1 verbose cli   'test' ]
2 info using npm@3.10.10
3 info using node@v6.10.1
4 verbose stack Error: Invalid name: "罗煜缤的博客论坛"
4 verbose stack     at ensureValidName (D:\node.js\node_modules\npm\node_modules\normalize-package-data\lib\fixer.js:336:15)
4 verbose stack     at Object.fixNameField (D:\node.js\node_modules\npm\node_modules\normalize-package-data\lib\fixer.js:215:5)
4 verbose stack     at D:\node.js\node_modules\npm\node_modules\normalize-package-data\lib\normalize.js:32:38
4 verbose stack     at Array.forEach (native)
4 verbose stack     at normalize (D:\node.js\node_modules\npm\node_modules\normalize-package-data\lib\normalize.js:31:15)
4 verbose stack     at final (D:\node.js\node_modules\npm\node_modules\read-package-json\read-json.js:349:5)
4 verbose stack     at then (D:\node.js\node_modules\npm\node_modules\read-package-json\read-json.js:124:5)
4 verbose stack     at ReadFileContext.<anonymous> (D:\node.js\node_modules\npm\node_modules\read-package-json\read-json.js:295:20)
4 verbose stack     at ReadFileContext.callback (D:\node.js\node_modules\npm\node_modules\graceful-fs\graceful-fs.js:78:16)
4 verbose stack     at FSReqWrap.readFileAfterOpen [as oncomplete] (fs.js:366:13)
5 verbose cwd C:\Users\Administrator\Desktop\test\myblog
6 error Windows_NT 6.1.7601
7 error argv "D:\\node.js\\node.exe" "D:\\node.js\\node_modules\\npm\\bin\\npm-cli.js" "run-script" "test"
8 error node v6.10.1
9 error npm  v3.10.10
10 error Invalid name: "罗煜缤的博客论坛"
11 error If you need help, you may report this error at:
11 error     <https://github.com/npm/npm/issues>
12 verbose exit [ 1, true ]
